{"D:\\Universidad\\2024\\TEL335\\Controles\\Control 3\\c3-2024-forma-1\\src\\index.js": {"path":"D:\\Universidad\\2024\\TEL335\\Controles\\Control 3\\c3-2024-forma-1\\src\\index.js","statementMap":{"0":{"start":{"line":5,"column":12},"end":{"line":5,"column":21}},"1":{"start":{"line":6,"column":13},"end":{"line":6,"column":17}},"2":{"start":{"line":8,"column":0},"end":{"line":8,"column":58}},"3":{"start":{"line":9,"column":0},"end":{"line":9,"column":24}},"4":{"start":{"line":11,"column":15},"end":{"line":13,"column":2}},"5":{"start":{"line":12,"column":4},"end":{"line":12,"column":52}}},"fnMap":{"0":{"name":"(anonymous_0)","decl":{"start":{"line":11,"column":32},"end":{"line":11,"column":33}},"loc":{"start":{"line":11,"column":38},"end":{"line":13,"column":1}},"line":11}},"branchMap":{},"s":{"0":1,"1":1,"2":1,"3":1,"4":1,"5":1},"f":{"0":1},"b":{},"_coverageSchema":"1a1c01bbd47fc00a2c39e90264f33305004495a9","hash":"e62fbe33d15ab4a660ae425589d452055e2ef32d"}
,"D:\\Universidad\\2024\\TEL335\\Controles\\Control 3\\c3-2024-forma-1\\src\\domain\\cities\\repository\\worldCitiesRespository.js": {"path":"D:\\Universidad\\2024\\TEL335\\Controles\\Control 3\\c3-2024-forma-1\\src\\domain\\cities\\repository\\worldCitiesRespository.js","statementMap":{"0":{"start":{"line":3,"column":0},"end":{"line":5,"column":1}},"1":{"start":{"line":4,"column":4},"end":{"line":4,"column":29}},"2":{"start":{"line":7,"column":0},"end":{"line":13,"column":1}},"3":{"start":{"line":8,"column":19},"end":{"line":8,"column":21}},"4":{"start":{"line":9,"column":4},"end":{"line":11,"column":6}},"5":{"start":{"line":10,"column":8},"end":{"line":10,"column":75}},"6":{"start":{"line":10,"column":52},"end":{"line":10,"column":75}},"7":{"start":{"line":12,"column":4},"end":{"line":12,"column":17}},"8":{"start":{"line":15,"column":0},"end":{"line":21,"column":1}},"9":{"start":{"line":16,"column":19},"end":{"line":16,"column":21}},"10":{"start":{"line":17,"column":4},"end":{"line":19,"column":6}},"11":{"start":{"line":18,"column":8},"end":{"line":18,"column":112}},"12":{"start":{"line":18,"column":89},"end":{"line":18,"column":112}},"13":{"start":{"line":20,"column":4},"end":{"line":20,"column":17}}},"fnMap":{"0":{"name":"(anonymous_0)","decl":{"start":{"line":3,"column":33},"end":{"line":3,"column":34}},"loc":{"start":{"line":3,"column":39},"end":{"line":5,"column":1}},"line":3},"1":{"name":"(anonymous_1)","decl":{"start":{"line":7,"column":36},"end":{"line":7,"column":37}},"loc":{"start":{"line":7,"column":58},"end":{"line":13,"column":1}},"line":7},"2":{"name":"(anonymous_2)","decl":{"start":{"line":9,"column":31},"end":{"line":9,"column":32}},"loc":{"start":{"line":9,"column":47},"end":{"line":11,"column":5}},"line":9},"3":{"name":"(anonymous_3)","decl":{"start":{"line":15,"column":41},"end":{"line":15,"column":42}},"loc":{"start":{"line":15,"column":78},"end":{"line":21,"column":1}},"line":15},"4":{"name":"(anonymous_4)","decl":{"start":{"line":17,"column":31},"end":{"line":17,"column":32}},"loc":{"start":{"line":17,"column":47},"end":{"line":19,"column":5}},"line":17}},"branchMap":{"0":{"loc":{"start":{"line":10,"column":8},"end":{"line":10,"column":75}},"type":"if","locations":[{"start":{"line":10,"column":8},"end":{"line":10,"column":75}},{"start":{},"end":{}}],"line":10},"1":{"loc":{"start":{"line":18,"column":8},"end":{"line":18,"column":112}},"type":"if","locations":[{"start":{"line":18,"column":8},"end":{"line":18,"column":112}},{"start":{},"end":{}}],"line":18},"2":{"loc":{"start":{"line":18,"column":11},"end":{"line":18,"column":87}},"type":"binary-expr","locations":[{"start":{"line":18,"column":11},"end":{"line":18,"column":44}},{"start":{"line":18,"column":48},"end":{"line":18,"column":87}}],"line":18}},"s":{"0":2,"1":0,"2":2,"3":0,"4":0,"5":0,"6":0,"7":0,"8":2,"9":0,"10":0,"11":0,"12":0,"13":0},"f":{"0":0,"1":0,"2":0,"3":0,"4":0},"b":{"0":[0,0],"1":[0,0],"2":[0,0]},"_coverageSchema":"1a1c01bbd47fc00a2c39e90264f33305004495a9","hash":"6b3f3e8a135b800f4957275827c04dbb5c9ae9ed"}
,"D:\\Universidad\\2024\\TEL335\\Controles\\Control 3\\c3-2024-forma-1\\src\\domain\\cities\\use_cases\\getCities.js": {"path":"D:\\Universidad\\2024\\TEL335\\Controles\\Control 3\\c3-2024-forma-1\\src\\domain\\cities\\use_cases\\getCities.js","statementMap":{"0":{"start":{"line":3,"column":0},"end":{"line":6,"column":1}},"1":{"start":{"line":4,"column":4},"end":{"line":4,"column":56}},"2":{"start":{"line":5,"column":4},"end":{"line":5,"column":14}},"3":{"start":{"line":8,"column":0},"end":{"line":11,"column":1}},"4":{"start":{"line":9,"column":4},"end":{"line":9,"column":77}},"5":{"start":{"line":10,"column":4},"end":{"line":10,"column":14}},"6":{"start":{"line":13,"column":0},"end":{"line":16,"column":1}},"7":{"start":{"line":14,"column":4},"end":{"line":14,"column":99}},"8":{"start":{"line":15,"column":4},"end":{"line":15,"column":14}}},"fnMap":{"0":{"name":"(anonymous_0)","decl":{"start":{"line":3,"column":30},"end":{"line":3,"column":31}},"loc":{"start":{"line":3,"column":39},"end":{"line":6,"column":1}},"line":3},"1":{"name":"(anonymous_1)","decl":{"start":{"line":8,"column":36},"end":{"line":8,"column":37}},"loc":{"start":{"line":8,"column":45},"end":{"line":11,"column":1}},"line":8},"2":{"name":"(anonymous_2)","decl":{"start":{"line":13,"column":47},"end":{"line":13,"column":48}},"loc":{"start":{"line":13,"column":56},"end":{"line":16,"column":1}},"line":13}},"branchMap":{},"s":{"0":2,"1":0,"2":0,"3":2,"4":0,"5":0,"6":2,"7":0,"8":0},"f":{"0":0,"1":0,"2":0},"b":{},"_coverageSchema":"1a1c01bbd47fc00a2c39e90264f33305004495a9","hash":"4b05316916dbf7263d12538df2afbea83f72d419"}
,"D:\\Universidad\\2024\\TEL335\\Controles\\Control 3\\c3-2024-forma-1\\src\\routes\\index.js": {"path":"D:\\Universidad\\2024\\TEL335\\Controles\\Control 3\\c3-2024-forma-1\\src\\routes\\index.js","statementMap":{"0":{"start":{"line":5,"column":15},"end":{"line":5,"column":27}},"1":{"start":{"line":7,"column":0},"end":{"line":23,"column":5}},"2":{"start":{"line":8,"column":20},"end":{"line":8,"column":38}},"3":{"start":{"line":9,"column":4},"end":{"line":13,"column":5}},"4":{"start":{"line":10,"column":6},"end":{"line":10,"column":23}},"5":{"start":{"line":11,"column":6},"end":{"line":11,"column":56}},"6":{"start":{"line":12,"column":6},"end":{"line":12,"column":13}},"7":{"start":{"line":15,"column":4},"end":{"line":22,"column":5}},"8":{"start":{"line":16,"column":21},"end":{"line":16,"column":55}},"9":{"start":{"line":17,"column":6},"end":{"line":17,"column":23}},"10":{"start":{"line":18,"column":6},"end":{"line":18,"column":24}},"11":{"start":{"line":20,"column":6},"end":{"line":20,"column":23}},"12":{"start":{"line":21,"column":6},"end":{"line":21,"column":52}},"13":{"start":{"line":26,"column":0},"end":{"line":26,"column":32}},"14":{"start":{"line":28,"column":0},"end":{"line":28,"column":63}},"15":{"start":{"line":29,"column":0},"end":{"line":29,"column":89}},"16":{"start":{"line":30,"column":0},"end":{"line":30,"column":101}}},"fnMap":{"0":{"name":"(anonymous_0)","decl":{"start":{"line":7,"column":35},"end":{"line":7,"column":36}},"loc":{"start":{"line":7,"column":50},"end":{"line":23,"column":3}},"line":7}},"branchMap":{"0":{"loc":{"start":{"line":9,"column":4},"end":{"line":13,"column":5}},"type":"if","locations":[{"start":{"line":9,"column":4},"end":{"line":13,"column":5}},{"start":{},"end":{}}],"line":9},"1":{"loc":{"start":{"line":9,"column":8},"end":{"line":9,"column":58}},"type":"binary-expr","locations":[{"start":{"line":9,"column":8},"end":{"line":9,"column":26}},{"start":{"line":9,"column":30},"end":{"line":9,"column":58}}],"line":9}},"s":{"0":2,"1":2,"2":0,"3":0,"4":0,"5":0,"6":0,"7":0,"8":0,"9":0,"10":0,"11":0,"12":0,"13":2,"14":2,"15":2,"16":2},"f":{"0":0},"b":{"0":[0,0],"1":[0,0]},"_coverageSchema":"1a1c01bbd47fc00a2c39e90264f33305004495a9","hash":"37fde9d5c417457828c9f3729077b95ea16c2fc6"}
,"D:\\Universidad\\2024\\TEL335\\Controles\\Control 3\\c3-2024-forma-1\\src\\routes\\health\\health.js": {"path":"D:\\Universidad\\2024\\TEL335\\Controles\\Control 3\\c3-2024-forma-1\\src\\routes\\health\\health.js","statementMap":{"0":{"start":{"line":2,"column":4},"end":{"line":2,"column":32}}},"fnMap":{"0":{"name":"getHealth","decl":{"start":{"line":1,"column":24},"end":{"line":1,"column":33}},"loc":{"start":{"line":1,"column":39},"end":{"line":3,"column":1}},"line":1}},"branchMap":{},"s":{"0":1},"f":{"0":1},"b":{},"_coverageSchema":"1a1c01bbd47fc00a2c39e90264f33305004495a9","hash":"9e2371033fd413a05f53a27c7d2b064112a57601"}
}
